<?xml version="1.0" encoding="UTF-8"?>
<!-- Generated by org.testng.reporters.JUnitReportReporter -->
<testsuite skipped="0" hostname="DESKTOP-SJON78E" name="maven1st_grp.maven1st_artifact.TestingMVN" tests="4" failures="0" timestamp="04 Aug 2024 17:11:32 GMT" time="0.008" errors="0">
  <testcase name="mul" time="0.001" classname="maven1st_grp.maven1st_artifact.TestingMVN"/>
  <testcase name="diff" time="0.003" classname="maven1st_grp.maven1st_artifact.TestingMVN"/>
  <testcase name="sum" time="0.003" classname="maven1st_grp.maven1st_artifact.TestingMVN"/>
  <testcase name="div" time="0.001" classname="maven1st_grp.maven1st_artifact.TestingMVN"/>
</testsuite> <!-- maven1st_grp.maven1st_artifact.TestingMVN -->
