<?xml version="1.0" encoding="UTF-8"?>
<!-- Generated by org.testng.reporters.JUnitReportReporter -->
<testsuite skipped="0" hostname="DESKTOP-SJON78E" name="maven1st_grp.maven1st_artifact.TestingMVN2" tests="4" failures="0" timestamp="04 Aug 2024 17:11:32 GMT" time="0.000" errors="0">
  <testcase name="mul" time="0.000" classname="maven1st_grp.maven1st_artifact.TestingMVN2"/>
  <testcase name="diff" time="0.000" classname="maven1st_grp.maven1st_artifact.TestingMVN2"/>
  <testcase name="sum" time="0.000" classname="maven1st_grp.maven1st_artifact.TestingMVN2"/>
  <testcase name="div" time="0.000" classname="maven1st_grp.maven1st_artifact.TestingMVN2"/>
</testsuite> <!-- maven1st_grp.maven1st_artifact.TestingMVN2 -->
